<?xml version="1.0" encoding="UTF-8"?>
<testsuite xmlns:xsi="http://www.w3.org/2001/XMLSchema-instance" xsi:noNamespaceSchemaLocation="https://maven.apache.org/surefire/maven-surefire-plugin/xsd/surefire-test-report-3.0.xsd" version="3.0" name="implementaciones.RaicesFuncionesTest" time="0.066" tests="4" errors="0" skipped="0" failures="0">
  <properties>
[...]
</properties>
  <testcase name="testReglaFalsaFuncionTrigonometrica" classname="implementaciones.RaicesFuncionesTest" time="0.003"/>
  <testcase name="testReglaFalsaIntervaloInvalido" classname="implementaciones.RaicesFuncionesTest" time="0.0"/>
  <testcase name="testBiseccionIntervaloInvalido" classname="implementaciones.RaicesFuncionesTest" time="0.0"/>
  <testcase name="testBiseccionFuncionPolinomio" classname="implementaciones.RaicesFuncionesTest" time="0.0"/>
</testsuite>